[35m[1mConsolidate compiler generated dependencies of target plan_once[0m
[ 50%] [32mBuilding CXX object CMakeFiles/plan_once.dir/src/plan_once.cpp.o[0m
[01m[K/home/yuzhench/Desktop/Intership/smart_arm/arm_sim_ws/src/traj_demo/src/plan_once.cpp:[m[K In function â€˜[01m[Kint main(int, char**)[m[Kâ€™:
[01m[K/home/yuzhench/Desktop/Intership/smart_arm/arm_sim_ws/src/traj_demo/src/plan_once.cpp:135:5:[m[K [01;31m[Kerror: [m[Kexpected â€˜[01m[K;[m[Kâ€™ before â€˜[01m[K}[m[Kâ€™ token
  135 |     [01;31m[K}[m[K
      |     [01;31m[K^[m[K
gmake[2]: *** [CMakeFiles/plan_once.dir/build.make:76: CMakeFiles/plan_once.dir/src/plan_once.cpp.o] Error 1
gmake[1]: *** [CMakeFiles/Makefile2:137: CMakeFiles/plan_once.dir/all] Error 2
gmake: *** [Makefile:146: all] Error 2
