[35m[1mConsolidate compiler generated dependencies of target arm_hw[0m
[ 33%] [32mBuilding CXX object CMakeFiles/arm_hw.dir/src/arm_hw.cpp.o[0m
[01m[K/home/yuzhench/Desktop/Intership/smart_arm/arm_sim_ws/src/arm_sim_pkg/src/arm_hw.cpp:[m[K In member function â€˜[01m[Kvirtual hardware_interface::return_type arm_sim_pkg::ArmHW::write(const rclcpp::Time&, const rclcpp::Duration&)[m[Kâ€™:
[01m[K/home/yuzhench/Desktop/Intership/smart_arm/arm_sim_ws/src/arm_sim_pkg/src/arm_hw.cpp:410:33:[m[K [01;31m[Kerror: [m[Kâ€˜[01m[Kgoal_tolerance_rad_[m[Kâ€™ was not declared in this scope
  410 |     if (in_flight_[i] && err <= [01;31m[Kgoal_tolerance_rad_[m[K) {
      |                                 [01;31m[K^~~~~~~~~~~~~~~~~~~[m[K
gmake[2]: *** [CMakeFiles/arm_hw.dir/build.make:76: CMakeFiles/arm_hw.dir/src/arm_hw.cpp.o] Error 1
gmake[1]: *** [CMakeFiles/Makefile2:137: CMakeFiles/arm_hw.dir/all] Error 2
gmake: *** [Makefile:146: all] Error 2
