[35m[1mConsolidate compiler generated dependencies of target arm_hw[0m
[ 33%] [32mBuilding CXX object CMakeFiles/arm_hw.dir/src/arm_hw.cpp.o[0m
[01m[K/home/yuzhench/Desktop/Intership/smart_arm/arm_sim_ws/src/arm_sim_pkg/src/arm_hw.cpp:[m[K In member function â€˜[01m[Kvirtual hardware_interface::return_type arm_sim_pkg::ArmHW::write(const rclcpp::Time&, const rclcpp::Duration&)[m[Kâ€™:
[01m[K/home/yuzhench/Desktop/Intership/smart_arm/arm_sim_ws/src/arm_sim_pkg/src/arm_hw.cpp:489:21:[m[K [01;31m[Kerror: [m[Kexpected â€˜[01m[K;[m[Kâ€™ before â€˜[01m[Kfor[m[Kâ€™
  489 |   pos_cmd_[0] = 3.14
      |                     [01;31m[K^[m[K
      |                     [32m[K;[m[K
  490 |   [32m[Kfor[m[K (size_t i = 0; i < n; ++i) {
      |   [32m[K~~~[m[K                
[01m[K/home/yuzhench/Desktop/Intership/smart_arm/arm_sim_ws/src/arm_sim_pkg/src/arm_hw.cpp:490:22:[m[K [01;31m[Kerror: [m[Kâ€˜[01m[Ki[m[Kâ€™ was not declared in this scope
  490 |   for (size_t i = 0; [01;31m[Ki[m[K < n; ++i) {
      |                      [01;31m[K^[m[K
gmake[2]: *** [CMakeFiles/arm_hw.dir/build.make:76: CMakeFiles/arm_hw.dir/src/arm_hw.cpp.o] Error 1
gmake[1]: *** [CMakeFiles/Makefile2:137: CMakeFiles/arm_hw.dir/all] Error 2
gmake: *** [Makefile:146: all] Error 2
