[0.015s] Invoking command in '/home/yuzhench/Desktop/Intership/smart_arm/arm_sim_ws/build/arm_sim_pkg': CMAKE_PREFIX_PATH=${CMAKE_PREFIX_PATH}:/opt/ros/humble /usr/bin/cmake --build /home/yuzhench/Desktop/Intership/smart_arm/arm_sim_ws/build/arm_sim_pkg -- -j16 -l16
[0.056s] [35m[1mConsolidate compiler generated dependencies of target arm_hw[0m
[0.070s] [ 33%] [32mBuilding CXX object CMakeFiles/arm_hw.dir/src/arm_hw.cpp.o[0m
[0.246s] [01m[K/home/yuzhench/Desktop/Intership/smart_arm/arm_sim_ws/src/arm_sim_pkg/src/arm_hw.cpp:27:3:[m[K [01;31m[Kerror: [m[Kempty character constant
[0.247s]    27 |   [01;31m[K''[m[K'
[0.247s]       |   [01;31m[K^~[m[K
[0.247s] [01m[K/home/yuzhench/Desktop/Intership/smart_arm/arm_sim_ws/src/arm_sim_pkg/src/arm_hw.cpp:27:5:[m[K [01;35m[Kwarning: [m[Kmissing terminating ' character
[0.247s]    27 |   ''[01;35m[K'[m[K
[0.247s]       |     [01;35m[K^[m[K
[0.247s] [01m[K/home/yuzhench/Desktop/Intership/smart_arm/arm_sim_ws/src/arm_sim_pkg/src/arm_hw.cpp:27:5:[m[K [01;31m[Kerror: [m[Kmissing terminating ' character
[0.247s] [01m[K/home/yuzhench/Desktop/Intership/smart_arm/arm_sim_ws/src/arm_sim_pkg/src/arm_hw.cpp:37:3:[m[K [01;31m[Kerror: [m[Kempty character constant
[0.247s]    37 |   [01;31m[K''[m[K'
[0.247s]       |   [01;31m[K^~[m[K
[0.247s] [01m[K/home/yuzhench/Desktop/Intership/smart_arm/arm_sim_ws/src/arm_sim_pkg/src/arm_hw.cpp:37:5:[m[K [01;35m[Kwarning: [m[Kmissing terminating ' character
[0.247s]    37 |   ''[01;35m[K'[m[K
[0.247s]       |     [01;35m[K^[m[K
[0.247s] [01m[K/home/yuzhench/Desktop/Intership/smart_arm/arm_sim_ws/src/arm_sim_pkg/src/arm_hw.cpp:37:5:[m[K [01;31m[Kerror: [m[Kmissing terminating ' character
[1.601s] [01m[K/home/yuzhench/Desktop/Intership/smart_arm/arm_sim_ws/src/arm_sim_pkg/src/arm_hw.cpp:[m[K In member function â€˜[01m[Kvirtual hardware_interface::CallbackReturn arm_sim_pkg::ArmHW::on_init(const hardware_interface::HardwareInfo&)[m[Kâ€™:
[1.601s] [01m[K/home/yuzhench/Desktop/Intership/smart_arm/arm_sim_ws/src/arm_sim_pkg/src/arm_hw.cpp:27:5:[m[K [01;31m[Kerror: [m[Kexpected â€˜[01m[K;[m[Kâ€™ before â€˜[01m[KThe[m[Kâ€™
[1.601s]    27 |   ''[01;31m[K'[m[K
[1.601s]       |     [01;31m[K^[m[K
[1.601s]       |     [32m[K;[m[K
[1.601s]    28 |   [32m[KThe[m[K info_ member contains the hardware configuration
[1.601s]       |   [32m[K~~~[m[K
[1.602s] [01m[K/home/yuzhench/Desktop/Intership/smart_arm/arm_sim_ws/src/arm_sim_pkg/src/arm_hw.cpp:27:3:[m[K [01;35m[Kwarning: [m[Kstatement has no effect [[01;35m[K]8;;https://gcc.gnu.org/onlinedocs/gcc/Warning-Options.html#index-Wunused-value-Wunused-value]8;;[m[K]
[1.602s]    27 |   [01;35m[K''[m[K'
[1.602s]       |   [01;35m[K^~[m[K
[1.602s] [01m[K/home/yuzhench/Desktop/Intership/smart_arm/arm_sim_ws/src/arm_sim_pkg/src/arm_hw.cpp:41:5:[m[K [01;31m[Kerror: [m[Kexpected primary-expression before â€˜[01m[Kcatch[m[Kâ€™
[1.602s]    41 |   } [01;31m[Kcatch[m[K (const std::exception &e) {
[1.602s]       |     [01;31m[K^~~~~[m[K
[1.994s] gmake[2]: *** [CMakeFiles/arm_hw.dir/build.make:76: CMakeFiles/arm_hw.dir/src/arm_hw.cpp.o] Error 1
[1.994s] gmake[1]: *** [CMakeFiles/Makefile2:137: CMakeFiles/arm_hw.dir/all] Error 2
[1.994s] gmake: *** [Makefile:146: all] Error 2
[1.997s] Invoked command in '/home/yuzhench/Desktop/Intership/smart_arm/arm_sim_ws/build/arm_sim_pkg' returned '2': CMAKE_PREFIX_PATH=${CMAKE_PREFIX_PATH}:/opt/ros/humble /usr/bin/cmake --build /home/yuzhench/Desktop/Intership/smart_arm/arm_sim_ws/build/arm_sim_pkg -- -j16 -l16
