[0.017s] Invoking command in '/home/yuzhench/Desktop/Intership/smart_arm/arm_sim_ws/build/arm_sim_pkg': CMAKE_PREFIX_PATH=${CMAKE_PREFIX_PATH}:/opt/ros/humble /usr/bin/cmake --build /home/yuzhench/Desktop/Intership/smart_arm/arm_sim_ws/build/arm_sim_pkg -- -j16 -l16
[0.059s] [35m[1mConsolidate compiler generated dependencies of target arm_hw[0m
[0.075s] [ 33%] [32mBuilding CXX object CMakeFiles/arm_hw.dir/src/arm_hw.cpp.o[0m
[1.886s] [01m[K/home/yuzhench/Desktop/Intership/smart_arm/arm_sim_ws/src/arm_sim_pkg/src/arm_hw.cpp:[m[K In member function â€˜[01m[Kvirtual hardware_interface::return_type arm_sim_pkg::ArmHW::write(const rclcpp::Time&, const rclcpp::Duration&)[m[Kâ€™:
[1.886s] [01m[K/home/yuzhench/Desktop/Intership/smart_arm/arm_sim_ws/src/arm_sim_pkg/src/arm_hw.cpp:472:8:[m[K [01;31m[Kerror: [m[Kâ€˜[01m[Kready_[m[Kâ€™ was not declared in this scope; did you mean â€˜[01m[Kread[m[Kâ€™?
[1.886s]   472 |   if (![01;31m[Kready_[m[K) {
[1.886s]       |        [01;31m[K^~~~~~[m[K
[1.886s]       |        [32m[Kread[m[K
[1.892s] [01m[K/home/yuzhench/Desktop/Intership/smart_arm/arm_sim_ws/src/arm_sim_pkg/src/arm_hw.cpp:477:7:[m[K [01;31m[Kerror: [m[Kâ€˜[01m[Kfirst_shot_done_[m[Kâ€™ was not declared in this scope
[1.892s]   477 |   if ([01;31m[Kfirst_shot_done_[m[K) {
[1.892s]       |       [01;31m[K^~~~~~~~~~~~~~~~[m[K
[1.900s] [01m[K/home/yuzhench/Desktop/Intership/smart_arm/arm_sim_ws/src/arm_sim_pkg/src/arm_hw.cpp:502:5:[m[K [01;31m[Kerror: [m[Kâ€˜[01m[Kfirst_shot_done_[m[Kâ€™ was not declared in this scope
[1.900s]   502 |     [01;31m[Kfirst_shot_done_[m[K = true;
[1.900s]       |     [01;31m[K^~~~~~~~~~~~~~~~[m[K
[2.386s] gmake[2]: *** [CMakeFiles/arm_hw.dir/build.make:76: CMakeFiles/arm_hw.dir/src/arm_hw.cpp.o] Error 1
[2.387s] gmake[1]: *** [CMakeFiles/Makefile2:137: CMakeFiles/arm_hw.dir/all] Error 2
[2.387s] gmake: *** [Makefile:146: all] Error 2
[2.390s] Invoked command in '/home/yuzhench/Desktop/Intership/smart_arm/arm_sim_ws/build/arm_sim_pkg' returned '2': CMAKE_PREFIX_PATH=${CMAKE_PREFIX_PATH}:/opt/ros/humble /usr/bin/cmake --build /home/yuzhench/Desktop/Intership/smart_arm/arm_sim_ws/build/arm_sim_pkg -- -j16 -l16
